This is pdfTeX, Version 3.141592653-2.6-1.40.22 (TeX Live 2021) (preloaded format=pdflatex 2021.4.28)  2 AUG 2021 20:48
entering extended mode
 restricted \write18 enabled.
 %&-line parsing enabled.
**debug.tex
(./debug.tex
LaTeX2e <2020-10-01> patch level 4
L3 programming layer <2021-02-18>
(/home/as/opt/nonseis/texlive/2021/texmf-dist/tex/latex/base/article.cls
Document Class: article 2020/04/10 v1.4m Standard LaTeX document class
(/home/as/opt/nonseis/texlive/2021/texmf-dist/tex/latex/base/size10.clo
File: size10.clo 2020/04/10 v1.4m Standard LaTeX file (size option)
)
\c@part=\count179
\c@section=\count180
\c@subsection=\count181
\c@subsubsection=\count182
\c@paragraph=\count183
\c@subparagraph=\count184
\c@figure=\count185
\c@table=\count186
\abovecaptionskip=\skip47
\belowcaptionskip=\skip48
\bibindent=\dimen138
)
(/home/as/opt/nonseis/texlive/2021/texmf-dist/tex/generic/ulem/ulem.sty
\UL@box=\box47
\UL@hyphenbox=\box48
\UL@skip=\skip49
\UL@hook=\toks15
\UL@height=\dimen139
\UL@pe=\count187
\UL@pixel=\dimen140
\ULC@box=\box49
Package: ulem 2019/11/18
\ULdepth=\dimen141
)
(/home/as/opt/nonseis/texlive/2021/texmf-dist/tex/latex/hyperref/hyperref.sty
Package: hyperref 2021-02-27 v7.00k Hypertext links for LaTeX

(/home/as/opt/nonseis/texlive/2021/texmf-dist/tex/generic/ltxcmds/ltxcmds.sty
Package: ltxcmds 2020-05-10 v1.25 LaTeX kernel commands for general use (HO)
)
(/home/as/opt/nonseis/texlive/2021/texmf-dist/tex/generic/iftex/iftex.sty
Package: iftex 2020/03/06 v1.0d TeX engine tests
)
(/home/as/opt/nonseis/texlive/2021/texmf-dist/tex/generic/pdftexcmds/pdftexcmds
.sty
Package: pdftexcmds 2020-06-27 v0.33 Utility functions of pdfTeX for LuaTeX (HO
)

(/home/as/opt/nonseis/texlive/2021/texmf-dist/tex/generic/infwarerr/infwarerr.s
ty
Package: infwarerr 2019/12/03 v1.5 Providing info/warning/error messages (HO)
)
Package pdftexcmds Info: \pdf@primitive is available.
Package pdftexcmds Info: \pdf@ifprimitive is available.
Package pdftexcmds Info: \pdfdraftmode found.
)
(/home/as/opt/nonseis/texlive/2021/texmf-dist/tex/latex/graphics/keyval.sty
Package: keyval 2014/10/28 v1.15 key=value parser (DPC)
\KV@toks@=\toks16
)
(/home/as/opt/nonseis/texlive/2021/texmf-dist/tex/generic/kvsetkeys/kvsetkeys.s
ty
Package: kvsetkeys 2019/12/15 v1.18 Key value parser (HO)
)
(/home/as/opt/nonseis/texlive/2021/texmf-dist/tex/generic/kvdefinekeys/kvdefine
keys.sty
Package: kvdefinekeys 2019-12-19 v1.6 Define keys (HO)
)
(/home/as/opt/nonseis/texlive/2021/texmf-dist/tex/generic/pdfescape/pdfescape.s
ty
Package: pdfescape 2019/12/09 v1.15 Implements pdfTeX's escape features (HO)
) (/home/as/opt/nonseis/texlive/2021/texmf-dist/tex/latex/hycolor/hycolor.sty
Package: hycolor 2020-01-27 v1.10 Color options for hyperref/bookmark (HO)
)
(/home/as/opt/nonseis/texlive/2021/texmf-dist/tex/latex/letltxmacro/letltxmacro
.sty
Package: letltxmacro 2019/12/03 v1.6 Let assignment for LaTeX macros (HO)
)
(/home/as/opt/nonseis/texlive/2021/texmf-dist/tex/latex/auxhook/auxhook.sty
Package: auxhook 2019-12-17 v1.6 Hooks for auxiliary files (HO)
)
(/home/as/opt/nonseis/texlive/2021/texmf-dist/tex/latex/kvoptions/kvoptions.sty
Package: kvoptions 2020-10-07 v3.14 Key value format for package options (HO)
)
\@linkdim=\dimen142
\Hy@linkcounter=\count188
\Hy@pagecounter=\count189
 (/home/as/opt/nonseis/texlive/2021/texmf-dist/tex/latex/hyperref/pd1enc.def
File: pd1enc.def 2021-02-27 v7.00k Hyperref: PDFDocEncoding definition (HO)
Now handling font encoding PD1 ...
... no UTF-8 mapping file for font encoding PD1
)
(/home/as/opt/nonseis/texlive/2021/texmf-dist/tex/latex/hyperref/hyperref-langp
atches.def
File: hyperref-langpatches.def 2021-02-27 v7.00k Hyperref: patches for babel la
nguages
)
(/home/as/opt/nonseis/texlive/2021/texmf-dist/tex/generic/intcalc/intcalc.sty
Package: intcalc 2019/12/15 v1.3 Expandable calculations with integers (HO)
)
(/home/as/opt/nonseis/texlive/2021/texmf-dist/tex/generic/etexcmds/etexcmds.sty
Package: etexcmds 2019/12/15 v1.7 Avoid name clashes with e-TeX commands (HO)
)
\Hy@SavedSpaceFactor=\count190
 (/home/as/opt/nonseis/texlive/2021/texmf-dist/tex/latex/hyperref/puenc.def
File: puenc.def 2021-02-27 v7.00k Hyperref: PDF Unicode definition (HO)
Now handling font encoding PU ...
... no UTF-8 mapping file for font encoding PU
)
Package hyperref Info: Hyper figures OFF on input line 4192.
Package hyperref Info: Link nesting OFF on input line 4197.
Package hyperref Info: Hyper index ON on input line 4200.
Package hyperref Info: Plain pages OFF on input line 4207.
Package hyperref Info: Backreferencing OFF on input line 4212.
Package hyperref Info: Implicit mode ON; LaTeX internals redefined.
Package hyperref Info: Bookmarks ON on input line 4445.
\c@Hy@tempcnt=\count191

(/home/as/opt/nonseis/texlive/2021/texmf-dist/tex/latex/url/url.sty
\Urlmuskip=\muskip16
Package: url 2013/09/16  ver 3.4  Verb mode for urls, etc.
)
LaTeX Info: Redefining \url on input line 4804.
\XeTeXLinkMargin=\dimen143

(/home/as/opt/nonseis/texlive/2021/texmf-dist/tex/generic/bitset/bitset.sty
Package: bitset 2019/12/09 v1.3 Handle bit-vector datatype (HO)

(/home/as/opt/nonseis/texlive/2021/texmf-dist/tex/generic/bigintcalc/bigintcalc
.sty
Package: bigintcalc 2019/12/15 v1.5 Expandable calculations on big integers (HO
)
))
\Fld@menulength=\count192
\Field@Width=\dimen144
\Fld@charsize=\dimen145
Package hyperref Info: Hyper figures OFF on input line 6075.
Package hyperref Info: Link nesting OFF on input line 6080.
Package hyperref Info: Hyper index ON on input line 6083.
Package hyperref Info: backreferencing OFF on input line 6090.
Package hyperref Info: Link coloring OFF on input line 6095.
Package hyperref Info: Link coloring with OCG OFF on input line 6100.
Package hyperref Info: PDF/A mode OFF on input line 6105.
LaTeX Info: Redefining \ref on input line 6145.
LaTeX Info: Redefining \pageref on input line 6149.

(/home/as/opt/nonseis/texlive/2021/texmf-dist/tex/latex/base/atbegshi-ltx.sty
Package: atbegshi-ltx 2020/08/17 v1.0a Emulation of the original atbegshi packa
ge
with kernel methods
)
\Hy@abspage=\count193
\c@Item=\count194
\c@Hfootnote=\count195
)
Package hyperref Info: Driver (autodetected): hpdftex.
(/home/as/opt/nonseis/texlive/2021/texmf-dist/tex/latex/hyperref/hpdftex.def
File: hpdftex.def 2021-02-27 v7.00k Hyperref driver for pdfTeX

(/home/as/opt/nonseis/texlive/2021/texmf-dist/tex/latex/base/atveryend-ltx.sty
Package: atveryend-ltx 2020/08/19 v1.0a Emulation of the original atvery packag
e
with kernel methods
)
\Fld@listcount=\count196
\c@bookmark@seq@number=\count197

(/home/as/opt/nonseis/texlive/2021/texmf-dist/tex/latex/rerunfilecheck/rerunfil
echeck.sty
Package: rerunfilecheck 2019/12/05 v1.9 Rerun checks for auxiliary files (HO)

(/home/as/opt/nonseis/texlive/2021/texmf-dist/tex/generic/uniquecounter/uniquec
ounter.sty
Package: uniquecounter 2019/12/15 v1.4 Provide unlimited unique counter (HO)
)
Package uniquecounter Info: New unique counter `rerunfilecheck' on input line 2
86.
)
\Hy@SectionHShift=\skip50
)
Package hyperref Info: Option `colorlinks' set `true' on input line 14.

(/home/as/opt/nonseis/texlive/2021/texmf-dist/tex/latex/graphics/graphicx.sty
Package: graphicx 2020/09/09 v1.2b Enhanced LaTeX Graphics (DPC,SPQR)

(/home/as/opt/nonseis/texlive/2021/texmf-dist/tex/latex/graphics/graphics.sty
Package: graphics 2020/08/30 v1.4c Standard LaTeX Graphics (DPC,SPQR)

(/home/as/opt/nonseis/texlive/2021/texmf-dist/tex/latex/graphics/trig.sty
Package: trig 2016/01/03 v1.10 sin cos tan (DPC)
)
(/home/as/opt/nonseis/texlive/2021/texmf-dist/tex/latex/graphics-cfg/graphics.c
fg
File: graphics.cfg 2016/06/04 v1.11 sample graphics configuration
)
Package graphics Info: Driver file: pdftex.def on input line 105.

(/home/as/opt/nonseis/texlive/2021/texmf-dist/tex/latex/graphics-def/pdftex.def
File: pdftex.def 2020/10/05 v1.2a Graphics/color driver for pdftex
))
\Gin@req@height=\dimen146
\Gin@req@width=\dimen147
) (/home/as/opt/nonseis/texlive/2021/texmf-dist/tex/latex/float/float.sty
Package: float 2001/11/08 v1.3d Float enhancements (AL)
\c@float@type=\count198
\float@exts=\toks17
\float@box=\box50
\@float@everytoks=\toks18
\@floatcapt=\box51
)
(/home/as/opt/nonseis/texlive/2021/texmf-dist/tex/latex/tools/indentfirst.sty
Package: indentfirst 1995/11/23 v1.03 Indent first paragraph (DPC)
)
(/home/as/opt/nonseis/texlive/2021/texmf-dist/tex/latex/listings/listings.sty
\lst@mode=\count199
\lst@gtempboxa=\box52
\lst@token=\toks19
\lst@length=\count266
\lst@currlwidth=\dimen148
\lst@column=\count267
\lst@pos=\count268
\lst@lostspace=\dimen149
\lst@width=\dimen150
\lst@newlines=\count269
\lst@lineno=\count270
\lst@maxwidth=\dimen151

(/home/as/opt/nonseis/texlive/2021/texmf-dist/tex/latex/listings/lstmisc.sty
File: lstmisc.sty 2020/03/24 1.8d (Carsten Heinz)
\c@lstnumber=\count271
\lst@skipnumbers=\count272
\lst@framebox=\box53
)
(/home/as/opt/nonseis/texlive/2021/texmf-dist/tex/latex/listings/listings.cfg
File: listings.cfg 2020/03/24 1.8d listings configuration
))
Package: listings 2020/03/24 1.8d (Carsten Heinz)
(/home/as/opt/nonseis/texlive/2021/texmf-dist/tex/latex/graphics/color.sty
Package: color 2020/02/24 v1.2b Standard LaTeX Color (DPC)

(/home/as/opt/nonseis/texlive/2021/texmf-dist/tex/latex/graphics-cfg/color.cfg
File: color.cfg 2016/01/02 v1.6 sample color configuration
)
Package color Info: Driver file: pdftex.def on input line 147.
) (/home/as/opt/nonseis/texlive/2021/texmf-dist/tex/latex/listings/lstlang1.sty
File: lstlang1.sty 2020/03/24 1.8d listings language file
)
(/home/as/opt/nonseis/texlive/2021/texmf-dist/tex/latex/l3backend/l3backend-pdf
tex.def
File: l3backend-pdftex.def 2021-03-18 L3 backend support: PDF output (pdfTeX)
\l__color_backend_stack_int=\count273
\l__pdf_internal_box=\box54
) (./debug.aux

LaTeX Warning: Label `fig:<+label+>' multiply defined.


LaTeX Warning: Label `fig:<+label+>' multiply defined.

)
\openout1 = `debug.aux'.

LaTeX Font Info:    Checking defaults for OML/cmm/m/it on input line 42.
LaTeX Font Info:    ... okay on input line 42.
LaTeX Font Info:    Checking defaults for OMS/cmsy/m/n on input line 42.
LaTeX Font Info:    ... okay on input line 42.
LaTeX Font Info:    Checking defaults for OT1/cmr/m/n on input line 42.
LaTeX Font Info:    ... okay on input line 42.
LaTeX Font Info:    Checking defaults for T1/cmr/m/n on input line 42.
LaTeX Font Info:    ... okay on input line 42.
LaTeX Font Info:    Checking defaults for TS1/cmr/m/n on input line 42.
LaTeX Font Info:    ... okay on input line 42.
LaTeX Font Info:    Checking defaults for OMX/cmex/m/n on input line 42.
LaTeX Font Info:    ... okay on input line 42.
LaTeX Font Info:    Checking defaults for U/cmr/m/n on input line 42.
LaTeX Font Info:    ... okay on input line 42.
LaTeX Font Info:    Checking defaults for PD1/pdf/m/n on input line 42.
LaTeX Font Info:    ... okay on input line 42.
LaTeX Font Info:    Checking defaults for PU/pdf/m/n on input line 42.
LaTeX Font Info:    ... okay on input line 42.
Package hyperref Info: Link coloring ON on input line 42.
 (/home/as/opt/nonseis/texlive/2021/texmf-dist/tex/latex/hyperref/nameref.sty
Package: nameref 2021-04-02 v2.47 Cross-referencing by name of section

(/home/as/opt/nonseis/texlive/2021/texmf-dist/tex/latex/refcount/refcount.sty
Package: refcount 2019/12/15 v3.6 Data extraction from label references (HO)
)
(/home/as/opt/nonseis/texlive/2021/texmf-dist/tex/generic/gettitlestring/gettit
lestring.sty
Package: gettitlestring 2019/12/15 v1.6 Cleanup title references (HO)
)
\c@section@level=\count274
)
LaTeX Info: Redefining \ref on input line 42.
LaTeX Info: Redefining \pageref on input line 42.
LaTeX Info: Redefining \nameref on input line 42.
 (./debug.out) (./debug.out)
\@outlinefile=\write3
\openout3 = `debug.out'.


(/home/as/opt/nonseis/texlive/2021/texmf-dist/tex/context/base/mkii/supp-pdf.mk
ii
[Loading MPS to PDF converter (version 2006.09.02).]
\scratchcounter=\count275
\scratchdimen=\dimen152
\scratchbox=\box55
\nofMPsegments=\count276
\nofMParguments=\count277
\everyMPshowfont=\toks20
\MPscratchCnt=\count278
\MPscratchDim=\dimen153
\MPnumerator=\count279
\makeMPintoPDFobject=\count280
\everyMPtoPDFconversion=\toks21
)
(/home/as/opt/nonseis/texlive/2021/texmf-dist/tex/latex/epstopdf-pkg/epstopdf-b
ase.sty
Package: epstopdf-base 2020-01-24 v2.11 Base part for package epstopdf
Package epstopdf-base Info: Redefining graphics rule for `.eps' on input line 4
85.

(/home/as/opt/nonseis/texlive/2021/texmf-dist/tex/latex/latexconfig/epstopdf-sy
s.cfg
File: epstopdf-sys.cfg 2010/07/13 v1.3 Configuration of (r)epstopdf for TeX Liv
e
))
\c@lstlisting=\count281
LaTeX Font Info:    External font `cmex10' loaded for size
(Font)              <12> on input line 44.
LaTeX Font Info:    External font `cmex10' loaded for size
(Font)              <8> on input line 44.
LaTeX Font Info:    External font `cmex10' loaded for size
(Font)              <6> on input line 44.

Overfull \hbox (57.33981pt too wide) in paragraph at lines 47--48
[]\OT1/cmr/m/n/10 phase pick-ing file path: /home-/as/-Data/tl-Phasenet/e-qphas
/2014[]out[]dist400.txt.ok4Li 
 []

LaTeX Font Info:    Trying to load font information for OMS+cmr on input line 4
8.
(/home/as/opt/nonseis/texlive/2021/texmf-dist/tex/latex/base/omscmr.fd
File: omscmr.fd 2019/12/16 v2.5j Standard LaTeX font definitions
)
LaTeX Font Info:    Font shape `OMS/cmr/m/n' in size <10> not available
(Font)              Font shape `OMS/cmsy/m/n' tried instead on input line 48.

Overfull \hbox (4.80232pt too wide) in paragraph at lines 48--49
\OT1/cmr/m/n/10 work code) ......\TS1/cmr/m/n/10 $\OT1/cmr/m/n/10 (phase name) 
...\TS1/cmr/m/n/10 $\OT1/cmr/m/n/10 (pick time in UTC+8) ......\TS1/cmr/m/n/10 
$\OT1/cmr/m/n/10 (channel
 []


Overfull \hbox (92.43153pt too wide) in paragraph at lines 49--50
[]\OT1/cmr/m/n/10 waveform file path: /home-/as/-Data/tl-Phasenet/xi-chang/2014
0102.002.155020.650/SC.GZA... 
 []


Overfull \hbox (9.02606pt too wide) in paragraph at lines 52--53
[]\OT1/cmr/m/n/10 target im-put file ex-am-ple: fname,itp,its,channels \OMS/cms
y/m/n/10 f\TS1/cmr/m/n/10 $\OT1/cmr/m/n/10 (npzfile name),\TS1/cmr/m/n/10 $\OT1
/cmr/m/n/10 (location
 []

LaTeX Font Info:    External font `cmex10' loaded for size
(Font)              <7> on input line 64.
LaTeX Font Info:    External font `cmex10' loaded for size
(Font)              <5> on input line 64.
[1

{/home/as/opt/nonseis/texlive/2021/texmf-var/fonts/map/pdftex/updmap/pdftex.map
}]
<image//samplewaveform.png, id=45, 462.528pt x 346.896pt>
File: image//samplewaveform.png Graphic file (type png)
<use image//samplewaveform.png>
Package pdftex.def Info: image//samplewaveform.png  used on input line 72.
(pdftex.def)             Requested size: 462.52686pt x 346.89514pt.

Overfull \hbox (117.52686pt too wide) in paragraph at lines 72--75
 [][] 
 []


Overfull \hbox (2.09558pt too wide) in paragraph at lines 68--75
[]\OT1/cmr/bx/n/10 preprocess re-sult overview: |   [] 52977 record-ings (17919
 events)
 []


Overfull \hbox (1.91739pt too wide) in paragraph at lines 79--80
[]\OT1/cmr/m/n/10 fix the prob-lem of pre-pro-cess-ing: can't cast dtype('float
32') to dtype('int32') 
 []

[2 <./image//samplewaveform.png>]
<image//retrainLoss.png, id=58, 462.528pt x 346.896pt>
File: image//retrainLoss.png Graphic file (type png)
<use image//retrainLoss.png>
Package pdftex.def Info: image//retrainLoss.png  used on input line 114.
(pdftex.def)             Requested size: 370.02289pt x 277.51717pt.

Overfull \hbox (25.02289pt too wide) in paragraph at lines 114--115
 [][] 
 []

[3]
<image//rawLoss.png, id=65, 462.528pt x 346.896pt>
File: image//rawLoss.png Graphic file (type png)
<use image//rawLoss.png>
Package pdftex.def Info: image//rawLoss.png  used on input line 122.
(pdftex.def)             Requested size: 370.02289pt x 277.51717pt.

Overfull \hbox (25.02289pt too wide) in paragraph at lines 122--123
 [][] 
 []

[4pdfTeX warning (ext4): destination with the same identifier (name{figure.1}) 
has been already used, duplicate ignored
<argument> ...shipout:D \box_use:N \l_shipout_box 
                                                  
l.126 
       <./image//retrainLoss.png>]
<image//pretrainLoss.png, id=72, 462.528pt x 346.896pt>
File: image//pretrainLoss.png Graphic file (type png)
<use image//pretrainLoss.png>
Package pdftex.def Info: image//pretrainLoss.png  used on input line 130.
(pdftex.def)             Requested size: 370.02289pt x 277.51717pt.

Overfull \hbox (25.02289pt too wide) in paragraph at lines 130--131
 [][] 
 []

[5pdfTeX warning (ext4): destination with the same identifier (name{figure.2}) 
has been already used, duplicate ignored
<argument> ...shipout:D \box_use:N \l_shipout_box 
                                                  
l.134 
       <./image//rawLoss.png>] [6pdfTeX warning (ext4): destination with the sa
me identifier (name{figure.3}) has been already used, duplicate ignored
<argument> ...shipout:D \box_use:N \l_shipout_box 
                                                  
l.143 \end{document}
                     <./image//pretrainLoss.png>] (./debug.aux)

LaTeX Warning: There were multiply-defined labels.

Package rerunfilecheck Info: File `debug.out' has not changed.
(rerunfilecheck)             Checksum: 926CC23CFC5FC8C00C619BFA4F55C202;646.
 ) 
Here is how much of TeX's memory you used:
 9780 strings out of 478994
 143388 string characters out of 5853160
 624412 words of memory out of 5000000
 27125 multiletter control sequences out of 15000+600000
 409604 words of font info for 48 fonts, out of 8000000 for 9000
 1141 hyphenation exceptions out of 8191
 71i,8n,74p,276b,1258s stack positions out of 5000i,500n,10000p,200000b,80000s
{/home/as/opt/nonseis/texlive/2021/texmf-dist/fonts/enc/dvips/cm-super/cm-sup
er-ts1.enc}</home/as/opt/nonseis/texlive/2021/texmf-dist/fonts/type1/public/ams
fonts/cm/cmbx10.pfb></home/as/opt/nonseis/texlive/2021/texmf-dist/fonts/type1/p
ublic/amsfonts/cm/cmbx12.pfb></home/as/opt/nonseis/texlive/2021/texmf-dist/font
s/type1/public/amsfonts/cm/cmbxti10.pfb></home/as/opt/nonseis/texlive/2021/texm
f-dist/fonts/type1/public/amsfonts/cm/cmmi10.pfb></home/as/opt/nonseis/texlive/
2021/texmf-dist/fonts/type1/public/amsfonts/cm/cmr10.pfb></home/as/opt/nonseis/
texlive/2021/texmf-dist/fonts/type1/public/amsfonts/cm/cmr12.pfb></home/as/opt/
nonseis/texlive/2021/texmf-dist/fonts/type1/public/amsfonts/cm/cmsy10.pfb></hom
e/as/opt/nonseis/texlive/2021/texmf-dist/fonts/type1/public/amsfonts/cm/cmti10.
pfb></home/as/opt/nonseis/texlive/2021/texmf-dist/fonts/type1/public/amsfonts/c
m/cmtt9.pfb></home/as/opt/nonseis/texlive/2021/texmf-dist/fonts/type1/public/cm
-super/sfrm1000.pfb>
Output written on debug.pdf (6 pages, 1709042 bytes).
PDF statistics:
 125 PDF objects out of 1000 (max. 8388607)
 98 compressed objects within 1 object stream
 22 named destinations out of 1000 (max. 500000)
 77 words of extra memory for PDF output out of 10000 (max. 10000000)

